[ 2025-12-21 19:20:02,582 ] 1025 httpx - INFO - HTTP Request: GET https://dagshub.com/api/v1/user "HTTP/1.1 200 OK"
[ 2025-12-21 19:20:02,582 ] 107 dagshub - INFO - Accessing as HariDarshan0710
[ 2025-12-21 19:20:03,480 ] 1025 httpx - INFO - HTTP Request: GET https://dagshub.com/api/v1/repos/HariDarshan0710/networksecurity "HTTP/1.1 200 OK"
[ 2025-12-21 19:20:04,271 ] 1025 httpx - INFO - HTTP Request: GET https://dagshub.com/api/v1/user "HTTP/1.1 200 OK"
[ 2025-12-21 19:20:04,271 ] 107 dagshub - INFO - Initialized MLflow to track repo "HariDarshan0710/networksecurity"
[ 2025-12-21 19:20:04,271 ] 107 dagshub - INFO - Repository HariDarshan0710/networksecurity initialized!
[ 2025-12-21 19:20:04,271 ] 20 root - INFO - Initiate the data ingestion
[ 2025-12-21 19:20:06,747 ] 65 root - INFO - Performed train test split on the dataframe
[ 2025-12-21 19:20:06,747 ] 67 root - INFO - Exited split_data_as_train_test method of Data_Ingestion class
[ 2025-12-21 19:20:06,747 ] 75 root - INFO - Exporting train and test file path.
[ 2025-12-21 19:20:06,789 ] 84 root - INFO - Exported train and test file path.
[ 2025-12-21 19:20:06,789 ] 22 root - INFO - Data Initiation Completed
[ 2025-12-21 19:20:06,789 ] 26 root - INFO - Initiate the data Validation
[ 2025-12-21 19:20:06,852 ] 32 root - INFO - Required number of columns:2
[ 2025-12-21 19:20:06,852 ] 33 root - INFO - Data frame has columns:31
[ 2025-12-21 19:20:06,852 ] 32 root - INFO - Required number of columns:2
[ 2025-12-21 19:20:06,852 ] 33 root - INFO - Data frame has columns:31
[ 2025-12-21 19:20:06,971 ] 28 root - INFO - data Validation Completed
[ 2025-12-21 19:20:06,972 ] 31 root - INFO - data Transformation started
[ 2025-12-21 19:20:06,972 ] 63 root - INFO - Entered initiate_data_transformation method of DataTransformation class
[ 2025-12-21 19:20:06,972 ] 65 root - INFO - Starting data transformation
[ 2025-12-21 19:20:06,990 ] 48 root - INFO - Entered get_data_trnasformer_object method of Trnasformation class
[ 2025-12-21 19:20:06,990 ] 53 root - INFO - Initialise KNNImputer with {'missing_values': nan, 'n_neighbors': 3, 'weights': 'uniform'}
[ 2025-12-21 19:20:06,999 ] 46 root - INFO - Entered the save_object method of MainUtils class
[ 2025-12-21 19:20:07,001 ] 50 root - INFO - Exited the save_object method of MainUtils class
[ 2025-12-21 19:20:07,001 ] 46 root - INFO - Entered the save_object method of MainUtils class
[ 2025-12-21 19:20:07,004 ] 50 root - INFO - Exited the save_object method of MainUtils class
[ 2025-12-21 19:20:07,004 ] 35 root - INFO - data Transformation completed
[ 2025-12-21 19:20:07,004 ] 37 root - INFO - Model Training sstared
