[ 2026-01-04 14:35:44,544 ] 1025 httpx - INFO - HTTP Request: GET https://dagshub.com/api/v1/user "HTTP/1.1 200 OK"
[ 2026-01-04 14:35:44,594 ] 107 dagshub - INFO - Accessing as HariDarshan0710
[ 2026-01-04 14:35:47,114 ] 1025 httpx - INFO - HTTP Request: GET https://dagshub.com/api/v1/repos/HariDarshan0710/networksecurity "HTTP/1.1 200 OK"
[ 2026-01-04 14:35:49,469 ] 1025 httpx - INFO - HTTP Request: GET https://dagshub.com/api/v1/user "HTTP/1.1 200 OK"
[ 2026-01-04 14:35:49,470 ] 107 dagshub - INFO - Initialized MLflow to track repo "HariDarshan0710/networksecurity"
[ 2026-01-04 14:35:49,470 ] 107 dagshub - INFO - Repository HariDarshan0710/networksecurity initialized!
[ 2026-01-04 14:35:49,470 ] 20 root - INFO - Initiate the data ingestion
[ 2026-01-04 14:35:53,633 ] 73 root - INFO - Performed train test split on the dataframe
[ 2026-01-04 14:35:53,633 ] 75 root - INFO - Exited split_data_as_train_test method of Data_Ingestion class
[ 2026-01-04 14:35:53,638 ] 83 root - INFO - Exporting train and test file path.
[ 2026-01-04 14:35:53,723 ] 92 root - INFO - Exported train and test file path.
[ 2026-01-04 14:35:53,723 ] 22 root - INFO - Data Initiation Completed
[ 2026-01-04 14:35:53,742 ] 26 root - INFO - Initiate the data Validation
[ 2026-01-04 14:35:53,859 ] 32 root - INFO - Required number of columns:2
[ 2026-01-04 14:35:53,859 ] 33 root - INFO - Data frame has columns:31
[ 2026-01-04 14:35:53,859 ] 32 root - INFO - Required number of columns:2
[ 2026-01-04 14:35:53,859 ] 33 root - INFO - Data frame has columns:31
[ 2026-01-04 14:35:54,188 ] 28 root - INFO - data Validation Completed
[ 2026-01-04 14:35:54,188 ] 31 root - INFO - data Transformation started
[ 2026-01-04 14:35:54,188 ] 63 root - INFO - Entered initiate_data_transformation method of DataTransformation class
[ 2026-01-04 14:35:54,188 ] 65 root - INFO - Starting data transformation
[ 2026-01-04 14:35:54,248 ] 48 root - INFO - Entered get_data_trnasformer_object method of Trnasformation class
[ 2026-01-04 14:35:54,248 ] 53 root - INFO - Initialise KNNImputer with {'missing_values': nan, 'n_neighbors': 3, 'weights': 'uniform'}
[ 2026-01-04 14:35:54,279 ] 46 root - INFO - Entered the save_object method of MainUtils class
[ 2026-01-04 14:35:54,285 ] 50 root - INFO - Exited the save_object method of MainUtils class
[ 2026-01-04 14:35:54,285 ] 46 root - INFO - Entered the save_object method of MainUtils class
[ 2026-01-04 14:35:54,291 ] 50 root - INFO - Exited the save_object method of MainUtils class
[ 2026-01-04 14:35:54,295 ] 35 root - INFO - data Transformation completed
[ 2026-01-04 14:35:54,295 ] 37 root - INFO - Model Training sstared
[ 2026-01-04 14:42:25,460 ] 46 root - INFO - Entered the save_object method of MainUtils class
[ 2026-01-04 14:42:25,460 ] 50 root - INFO - Exited the save_object method of MainUtils class
[ 2026-01-04 14:42:25,460 ] 46 root - INFO - Entered the save_object method of MainUtils class
[ 2026-01-04 14:42:25,465 ] 50 root - INFO - Exited the save_object method of MainUtils class
[ 2026-01-04 14:42:25,465 ] 176 root - INFO - Model trainer artifact: ModelTrainerArtifact(trained_model_file_path='Artifacts\\01_04_2026_14_35_36\\model_trainer\\trained_model\\model.pkl', train_metric_artifact=ClassificationMetricArtifact(f1_score=0.9910714285714286, precision_score=0.9862681744749596, recall_score=0.9959216965742251), test_metric_artifact=ClassificationMetricArtifact(f1_score=0.9738095238095238, precision_score=0.9684293606945541, recall_score=0.9792498004788508))
[ 2026-01-04 14:42:25,467 ] 42 root - INFO - Model Training artifact created
