[ 2025-12-21 19:40:55,935 ] 1025 httpx - INFO - HTTP Request: GET https://dagshub.com/api/v1/user "HTTP/1.1 200 OK"
[ 2025-12-21 19:40:55,941 ] 107 dagshub - INFO - Accessing as HariDarshan0710
[ 2025-12-21 19:40:56,834 ] 1025 httpx - INFO - HTTP Request: GET https://dagshub.com/api/v1/repos/HariDarshan0710/networksecurity "HTTP/1.1 200 OK"
[ 2025-12-21 19:40:57,603 ] 1025 httpx - INFO - HTTP Request: GET https://dagshub.com/api/v1/user "HTTP/1.1 200 OK"
[ 2025-12-21 19:40:57,607 ] 107 dagshub - INFO - Initialized MLflow to track repo "HariDarshan0710/networksecurity"
[ 2025-12-21 19:40:57,607 ] 107 dagshub - INFO - Repository HariDarshan0710/networksecurity initialized!
[ 2025-12-21 19:40:57,607 ] 20 root - INFO - Initiate the data ingestion
[ 2025-12-21 19:40:59,663 ] 65 root - INFO - Performed train test split on the dataframe
[ 2025-12-21 19:40:59,663 ] 67 root - INFO - Exited split_data_as_train_test method of Data_Ingestion class
[ 2025-12-21 19:40:59,663 ] 75 root - INFO - Exporting train and test file path.
[ 2025-12-21 19:40:59,706 ] 84 root - INFO - Exported train and test file path.
[ 2025-12-21 19:40:59,706 ] 22 root - INFO - Data Initiation Completed
[ 2025-12-21 19:40:59,710 ] 26 root - INFO - Initiate the data Validation
[ 2025-12-21 19:40:59,772 ] 32 root - INFO - Required number of columns:2
[ 2025-12-21 19:40:59,772 ] 33 root - INFO - Data frame has columns:31
[ 2025-12-21 19:40:59,772 ] 32 root - INFO - Required number of columns:2
[ 2025-12-21 19:40:59,772 ] 33 root - INFO - Data frame has columns:31
[ 2025-12-21 19:40:59,897 ] 28 root - INFO - data Validation Completed
[ 2025-12-21 19:40:59,897 ] 31 root - INFO - data Transformation started
[ 2025-12-21 19:40:59,897 ] 63 root - INFO - Entered initiate_data_transformation method of DataTransformation class
[ 2025-12-21 19:40:59,897 ] 65 root - INFO - Starting data transformation
[ 2025-12-21 19:40:59,914 ] 48 root - INFO - Entered get_data_trnasformer_object method of Trnasformation class
[ 2025-12-21 19:40:59,914 ] 53 root - INFO - Initialise KNNImputer with {'missing_values': nan, 'n_neighbors': 3, 'weights': 'uniform'}
[ 2025-12-21 19:40:59,922 ] 46 root - INFO - Entered the save_object method of MainUtils class
[ 2025-12-21 19:40:59,927 ] 50 root - INFO - Exited the save_object method of MainUtils class
[ 2025-12-21 19:40:59,929 ] 46 root - INFO - Entered the save_object method of MainUtils class
[ 2025-12-21 19:40:59,930 ] 50 root - INFO - Exited the save_object method of MainUtils class
[ 2025-12-21 19:40:59,931 ] 35 root - INFO - data Transformation completed
[ 2025-12-21 19:40:59,931 ] 37 root - INFO - Model Training sstared
[ 2025-12-21 19:47:55,408 ] 868 urllib3.connectionpool - WARNING - Retrying (Retry(total=6, connect=7, read=7, redirect=7, status=7)) after connection broken by 'SSLEOFError(8, 'EOF occurred in violation of protocol (_ssl.c:2384)')': /HariDarshan0710/networksecurity.mlflow/api/2.0/mlflow-artifacts/artifacts/c415e61cfd0a454abe749b4112913743/models/m-89911d265243459899ea3fbdba2efb4d/artifacts/model.pkl
[ 2025-12-21 19:47:59,720 ] 868 urllib3.connectionpool - WARNING - Retrying (Retry(total=5, connect=6, read=7, redirect=7, status=7)) after connection broken by 'NameResolutionError("HTTPSConnection(host='dagshub.com', port=443): Failed to resolve 'dagshub.com' ([Errno 11001] getaddrinfo failed)")': /HariDarshan0710/networksecurity.mlflow/api/2.0/mlflow-artifacts/artifacts/c415e61cfd0a454abe749b4112913743/models/m-89911d265243459899ea3fbdba2efb4d/artifacts/model.pkl
[ 2025-12-21 19:48:08,415 ] 868 urllib3.connectionpool - WARNING - Retrying (Retry(total=4, connect=5, read=7, redirect=7, status=7)) after connection broken by 'NameResolutionError("HTTPSConnection(host='dagshub.com', port=443): Failed to resolve 'dagshub.com' ([Errno 11001] getaddrinfo failed)")': /HariDarshan0710/networksecurity.mlflow/api/2.0/mlflow-artifacts/artifacts/c415e61cfd0a454abe749b4112913743/models/m-89911d265243459899ea3fbdba2efb4d/artifacts/model.pkl
[ 2025-12-21 19:48:25,336 ] 868 urllib3.connectionpool - WARNING - Retrying (Retry(total=3, connect=4, read=7, redirect=7, status=7)) after connection broken by 'NameResolutionError("HTTPSConnection(host='dagshub.com', port=443): Failed to resolve 'dagshub.com' ([Errno 11001] getaddrinfo failed)")': /HariDarshan0710/networksecurity.mlflow/api/2.0/mlflow-artifacts/artifacts/c415e61cfd0a454abe749b4112913743/models/m-89911d265243459899ea3fbdba2efb4d/artifacts/model.pkl
[ 2025-12-21 19:48:58,040 ] 868 urllib3.connectionpool - WARNING - Retrying (Retry(total=2, connect=3, read=7, redirect=7, status=7)) after connection broken by 'NameResolutionError("HTTPSConnection(host='dagshub.com', port=443): Failed to resolve 'dagshub.com' ([Errno 11001] getaddrinfo failed)")': /HariDarshan0710/networksecurity.mlflow/api/2.0/mlflow-artifacts/artifacts/c415e61cfd0a454abe749b4112913743/models/m-89911d265243459899ea3fbdba2efb4d/artifacts/model.pkl
[ 2025-12-21 21:46:43,663 ] 868 urllib3.connectionpool - WARNING - Retrying (Retry(total=1, connect=2, read=7, redirect=7, status=7)) after connection broken by 'NameResolutionError("HTTPSConnection(host='dagshub.com', port=443): Failed to resolve 'dagshub.com' ([Errno 11001] getaddrinfo failed)")': /HariDarshan0710/networksecurity.mlflow/api/2.0/mlflow-artifacts/artifacts/c415e61cfd0a454abe749b4112913743/models/m-89911d265243459899ea3fbdba2efb4d/artifacts/model.pkl
[ 2025-12-21 21:47:33,511 ] 46 root - INFO - Entered the save_object method of MainUtils class
[ 2025-12-21 21:47:33,511 ] 50 root - INFO - Exited the save_object method of MainUtils class
[ 2025-12-21 21:47:33,511 ] 46 root - INFO - Entered the save_object method of MainUtils class
[ 2025-12-21 21:47:33,567 ] 50 root - INFO - Exited the save_object method of MainUtils class
[ 2025-12-21 21:47:33,569 ] 157 root - INFO - Model trainer artifact: ModelTrainerArtifact(trained_model_file_path='Artifacts\\12_21_2025_19_40_52\\model_trainer\\trained_model\\model.pkl', train_metric_artifact=ClassificationMetricArtifact(f1_score=0.9912884927066451, precision_score=0.9912884927066451, recall_score=0.9912884927066451), test_metric_artifact=ClassificationMetricArtifact(f1_score=0.9722675367047309, precision_score=0.9683184402924452, recall_score=0.9762489762489762))
[ 2025-12-21 21:47:33,586 ] 42 root - INFO - Model Training artifact created
