[ 2026-01-04 14:11:51,457 ] 1025 httpx - INFO - HTTP Request: GET https://dagshub.com/api/v1/user "HTTP/1.1 200 OK"
[ 2026-01-04 14:11:51,467 ] 107 dagshub - INFO - Accessing as HariDarshan0710
[ 2026-01-04 14:11:52,661 ] 1025 httpx - INFO - HTTP Request: GET https://dagshub.com/api/v1/repos/HariDarshan0710/networksecurity "HTTP/1.1 200 OK"
[ 2026-01-04 14:11:53,977 ] 1025 httpx - INFO - HTTP Request: GET https://dagshub.com/api/v1/user "HTTP/1.1 200 OK"
[ 2026-01-04 14:11:53,992 ] 107 dagshub - INFO - Initialized MLflow to track repo "HariDarshan0710/networksecurity"
[ 2026-01-04 14:11:53,992 ] 107 dagshub - INFO - Repository HariDarshan0710/networksecurity initialized!
[ 2026-01-04 14:11:53,992 ] 20 root - INFO - Initiate the data ingestion
[ 2026-01-04 14:12:03,117 ] 73 root - INFO - Performed train test split on the dataframe
[ 2026-01-04 14:12:03,117 ] 75 root - INFO - Exited split_data_as_train_test method of Data_Ingestion class
[ 2026-01-04 14:12:03,133 ] 83 root - INFO - Exporting train and test file path.
[ 2026-01-04 14:12:03,212 ] 92 root - INFO - Exported train and test file path.
[ 2026-01-04 14:12:03,212 ] 22 root - INFO - Data Initiation Completed
[ 2026-01-04 14:12:03,274 ] 26 root - INFO - Initiate the data Validation
[ 2026-01-04 14:12:03,384 ] 32 root - INFO - Required number of columns:2
[ 2026-01-04 14:12:03,384 ] 33 root - INFO - Data frame has columns:31
[ 2026-01-04 14:12:03,384 ] 32 root - INFO - Required number of columns:2
[ 2026-01-04 14:12:03,384 ] 33 root - INFO - Data frame has columns:31
[ 2026-01-04 14:12:03,843 ] 28 root - INFO - data Validation Completed
[ 2026-01-04 14:12:03,846 ] 31 root - INFO - data Transformation started
[ 2026-01-04 14:12:03,846 ] 63 root - INFO - Entered initiate_data_transformation method of DataTransformation class
[ 2026-01-04 14:12:03,846 ] 65 root - INFO - Starting data transformation
[ 2026-01-04 14:12:03,892 ] 48 root - INFO - Entered get_data_trnasformer_object method of Trnasformation class
[ 2026-01-04 14:12:03,892 ] 53 root - INFO - Initialise KNNImputer with {'missing_values': nan, 'n_neighbors': 3, 'weights': 'uniform'}
[ 2026-01-04 14:12:03,908 ] 46 root - INFO - Entered the save_object method of MainUtils class
[ 2026-01-04 14:12:03,916 ] 50 root - INFO - Exited the save_object method of MainUtils class
[ 2026-01-04 14:12:03,916 ] 46 root - INFO - Entered the save_object method of MainUtils class
[ 2026-01-04 14:12:03,916 ] 50 root - INFO - Exited the save_object method of MainUtils class
[ 2026-01-04 14:12:03,923 ] 35 root - INFO - data Transformation completed
[ 2026-01-04 14:12:03,923 ] 37 root - INFO - Model Training sstared
